GameBuild/unityLibrary/build/intermediates/manifest_merge_blame_file/debug/manifest-merger-blame-debug-report.txt
1<?xml version="1.0" encoding="utf-8"?>
2<manifest xmlns:android="http://schemas.android.com/apk/res/android"
3    xmlns:tools="http://schemas.android.com/tools"
4    package="com.unity3d.player" >
5
6    <uses-sdk
7        android:minSdkVersion="22"
7-->src\main\AndroidManifest.xml
8        android:targetSdkVersion="30" />
8-->src\main\AndroidManifest.xml
9
10    <uses-feature android:glEsVersion="0x00030000" />
10-->src\main\AndroidManifest.xml:18:3-52
10-->src\main\AndroidManifest.xml:18:17-49
11    <uses-feature
11-->src\main\AndroidManifest.xml:19:3-91
12        android:name="android.hardware.vulkan.version"
12-->src\main\AndroidManifest.xml:19:17-63
13        android:required="false" />
13-->src\main\AndroidManifest.xml:19:64-88
14
15    <uses-permission android:name="android.permission.INTERNET" />
15-->src\main\AndroidManifest.xml:20:3-65
15-->src\main\AndroidManifest.xml:20:20-62
16    <uses-permission android:name="android.permission.ACCESS_NETWORK_STATE" />
16-->src\main\AndroidManifest.xml:21:3-77
16-->src\main\AndroidManifest.xml:21:20-74
17
18    <uses-feature
18-->src\main\AndroidManifest.xml:22:3-88
19        android:name="android.hardware.touchscreen"
19-->src\main\AndroidManifest.xml:22:17-60
20        android:required="false" />
20-->src\main\AndroidManifest.xml:22:61-85
21    <uses-feature
21-->src\main\AndroidManifest.xml:23:3-99
22        android:name="android.hardware.touchscreen.multitouch"
22-->src\main\AndroidManifest.xml:23:17-71
23        android:required="false" />
23-->src\main\AndroidManifest.xml:23:72-96
24    <uses-feature
24-->src\main\AndroidManifest.xml:24:3-108
25        android:name="android.hardware.touchscreen.multitouch.distinct"
25-->src\main\AndroidManifest.xml:24:17-80
26        android:required="false" />
26-->src\main\AndroidManifest.xml:24:81-105
27
28    <application android:extractNativeLibs="true" >
28-->src\main\AndroidManifest.xml:3:3-17:17
28-->src\main\AndroidManifest.xml:3:16-48
29        <activity
29-->src\main\AndroidManifest.xml:4:5-11:16
30            android:name="com.unity3d.player.UnityPlayerActivity"
30-->src\main\AndroidManifest.xml:4:15-68
31            android:configChanges="mcc|mnc|locale|touchscreen|keyboard|keyboardHidden|navigation|orientation|screenLayout|uiMode|screenSize|smallestScreenSize|fontScale|layoutDirection|density"
31-->src\main\AndroidManifest.xml:4:180-361
32            android:hardwareAccelerated="false"
32-->src\main\AndroidManifest.xml:4:397-432
33            android:launchMode="singleTask"
33-->src\main\AndroidManifest.xml:4:148-179
34            android:resizeableActivity="false"
34-->src\main\AndroidManifest.xml:4:362-396
35            android:screenOrientation="portrait"
35-->src\main\AndroidManifest.xml:4:111-147
36            android:theme="@style/UnityThemeSelector" >
36-->src\main\AndroidManifest.xml:4:69-110
37            <intent-filter>
37-->src\main\AndroidManifest.xml:5:7-8:23
38                <action android:name="android.intent.action.MAIN" />
38-->src\main\AndroidManifest.xml:6:9-61
38-->src\main\AndroidManifest.xml:6:17-58
39
40                <category android:name="android.intent.category.LAUNCHER" />
40-->src\main\AndroidManifest.xml:7:9-69
40-->src\main\AndroidManifest.xml:7:19-66
41            </intent-filter>
42
43            <meta-data
43-->src\main\AndroidManifest.xml:9:7-82
44                android:name="unityplayer.UnityActivity"
44-->src\main\AndroidManifest.xml:9:18-58
45                android:value="true" />
45-->src\main\AndroidManifest.xml:9:59-79
46            <meta-data
46-->src\main\AndroidManifest.xml:10:7-78
47                android:name="android.notch_support"
47-->src\main\AndroidManifest.xml:10:18-54
48                android:value="true" />
48-->src\main\AndroidManifest.xml:10:55-75
49        </activity>
50
51        <meta-data
51-->src\main\AndroidManifest.xml:12:5-69
52            android:name="unity.splash-mode"
52-->src\main\AndroidManifest.xml:12:16-48
53            android:value="0" />
53-->src\main\AndroidManifest.xml:12:49-66
54        <meta-data
54-->src\main\AndroidManifest.xml:13:5-74
55            android:name="unity.splash-enable"
55-->src\main\AndroidManifest.xml:13:16-50
56            android:value="True" />
56-->src\main\AndroidManifest.xml:13:51-71
57        <meta-data
57-->src\main\AndroidManifest.xml:14:5-78
58            android:name="unity.launch-fullscreen"
58-->src\main\AndroidManifest.xml:14:16-54
59            android:value="True" />
59-->src\main\AndroidManifest.xml:14:55-75
60        <meta-data
60-->src\main\AndroidManifest.xml:15:5-84
61            android:name="unity.allow-resizable-window"
61-->src\main\AndroidManifest.xml:15:16-59
62            android:value="False" />
62-->src\main\AndroidManifest.xml:15:60-81
63        <meta-data
63-->src\main\AndroidManifest.xml:16:5-81
64            android:name="notch.config"
64-->src\main\AndroidManifest.xml:16:16-43
65            android:value="portrait|landscape" />
65-->src\main\AndroidManifest.xml:16:44-78
66    </application>
67
68</manifest>